0 info it worked if it ends with ok
1 verbose cli [ 'C:\\Program Files\\nodejs\\node.exe',
1 verbose cli   'C:\\Program Files\\nodejs\\node_modules\\npm\\bin\\npm-cli.js',
1 verbose cli   'run',
1 verbose cli   'watch-css' ]
2 info using npm@3.10.9
3 info using node@v6.9.2
4 verbose run-script [ 'prewatch-css', 'watch-css', 'postwatch-css' ]
5 info lifecycle sad@1.0.0~prewatch-css: sad@1.0.0
6 silly lifecycle sad@1.0.0~prewatch-css: no script for prewatch-css, continuing
7 info lifecycle sad@1.0.0~watch-css: sad@1.0.0
8 verbose lifecycle sad@1.0.0~watch-css: unsafe-perm in lifecycle true
9 verbose lifecycle sad@1.0.0~watch-css: PATH: C:\Program Files\nodejs\node_modules\npm\bin\node-gyp-bin;D:\xampp\htdocs\SAD\node_modules\.bin;C:\ProgramData\Oracle\Java\javapath;C:\Program Files (x86)\Intel\iCLS Client\;C:\Program Files\Intel\iCLS Client\;C:\WINDOWS\system32;C:\WINDOWS;C:\WINDOWS\System32\Wbem;C:\WINDOWS\System32\WindowsPowerShell\v1.0\;C:\Program Files\Intel\WiFi\bin\;C:\Program Files\Common Files\Intel\WirelessCommon\;C:\Program Files (x86)\Intel\Intel(R) Management Engine Components\DAL;C:\Program Files\Intel\Intel(R) Management Engine Components\DAL;C:\Program Files (x86)\Intel\Intel(R) Management Engine Components\IPT;C:\Program Files\Intel\Intel(R) Management Engine Components\IPT;C:\Program Files\nodejs\;C:\Users\acer\AppData\Local\Programs\Python\Python36-32;C:\Users\acer\AppData\Local\Programs\Python\Python36-32\Scripts;C:\Program Files\IDM Computer Solutions\UltraEdit;C:\Program Files\IDM Computer Solutions\UltraCompare;C:\Users\acer\AppData\Roaming\npm;C:\Users\acer\AppData\Local\Microsoft\WindowsApps;D:\MY_WORK\JOBS\Work002_$120_Browser_extension\kango-framework-latest;C:\Program Files (x86)\HMA! Pro VPN\bin
10 verbose lifecycle sad@1.0.0~watch-css: CWD: D:\xampp\htdocs\SAD
11 silly lifecycle sad@1.0.0~watch-css: Args: [ '/d /s /c', 'nodemon -e scss -x "npm run build-css"' ]
12 silly lifecycle sad@1.0.0~watch-css: Returned: code: 3221225786  signal: null
13 info lifecycle sad@1.0.0~watch-css: Failed to exec watch-css script
14 verbose stack Error: sad@1.0.0 watch-css: `nodemon -e scss -x "npm run build-css"`
14 verbose stack Exit status 3221225786
14 verbose stack     at EventEmitter.<anonymous> (C:\Program Files\nodejs\node_modules\npm\lib\utils\lifecycle.js:255:16)
14 verbose stack     at emitTwo (events.js:106:13)
14 verbose stack     at EventEmitter.emit (events.js:191:7)
14 verbose stack     at ChildProcess.<anonymous> (C:\Program Files\nodejs\node_modules\npm\lib\utils\spawn.js:40:14)
14 verbose stack     at emitTwo (events.js:106:13)
14 verbose stack     at ChildProcess.emit (events.js:191:7)
14 verbose stack     at maybeClose (internal/child_process.js:877:16)
14 verbose stack     at Process.ChildProcess._handle.onexit (internal/child_process.js:226:5)
15 verbose pkgid sad@1.0.0
16 verbose cwd D:\xampp\htdocs\SAD
17 error Windows_NT 10.0.14393
18 error argv "C:\\Program Files\\nodejs\\node.exe" "C:\\Program Files\\nodejs\\node_modules\\npm\\bin\\npm-cli.js" "run" "watch-css"
19 error node v6.9.2
20 error npm  v3.10.9
21 error code ELIFECYCLE
22 error sad@1.0.0 watch-css: `nodemon -e scss -x "npm run build-css"`
22 error Exit status 3221225786
23 error Failed at the sad@1.0.0 watch-css script 'nodemon -e scss -x "npm run build-css"'.
23 error Make sure you have the latest version of node.js and npm installed.
23 error If you do, this is most likely a problem with the sad package,
23 error not with npm itself.
23 error Tell the author that this fails on your system:
23 error     nodemon -e scss -x "npm run build-css"
23 error You can get information on how to open an issue for this project with:
23 error     npm bugs sad
23 error Or if that isn't available, you can get their info via:
23 error     npm owner ls sad
23 error There is likely additional logging output above.
24 verbose exit [ 1, true ]
